<?xml version="1.0" encoding="UTF-8"?>
<testng-results ignored="0" total="1" passed="1" failed="0" skipped="0">
  <reporter-output>
  </reporter-output>
  <suite started-at="2021-12-22T20:42:01 IST" name="Default suite" finished-at="2021-12-22T20:42:04 IST" duration-ms="2801">
    <groups>
    </groups>
    <test started-at="2021-12-22T20:42:01 IST" name="Default test" finished-at="2021-12-22T20:42:04 IST" duration-ms="2801">
      <class name="demoProject.test_class">
        <test-method signature="test_01()[pri:0, instance:demoProject.test_class@4313f5bc]" started-at="2021-12-22T20:42:01 IST" name="test_01" finished-at="2021-12-22T20:42:04 IST" duration-ms="2717" status="PASS">
          <reporter-output>
          </reporter-output>
        </test-method> <!-- test_01 -->
      </class> <!-- demoProject.test_class -->
    </test> <!-- Default test -->
  </suite> <!-- Default suite -->
</testng-results>
